<?xml version="1.0" encoding="UTF-8"?>
<testng-results ignored="0" total="1" passed="1" failed="0" skipped="0">
  <reporter-output>
  </reporter-output>
  <suite started-at="2019-11-03T21:21:03 IST" name="Default suite" finished-at="2019-11-03T21:21:50 IST" duration-ms="47171">
    <groups>
    </groups>
    <test started-at="2019-11-03T21:21:03 IST" name="Default test" finished-at="2019-11-03T21:21:50 IST" duration-ms="47171">
      <class name="com.qa.TestCases.GetQuoteTestCase">
        <test-method is-config="true" signature="setUp()[pri:0, instance:com.qa.TestCases.GetQuoteTestCase@2fd6b6c7]" started-at="2019-11-03T21:21:04 IST" name="setUp" finished-at="2019-11-03T21:21:39 IST" duration-ms="35358" status="PASS">
          <reporter-output>
          </reporter-output>
        </test-method> <!-- setUp -->
        <test-method signature="loginTest(java.lang.String, java.lang.String, java.lang.String, java.lang.String, java.lang.String)[pri:0, instance:com.qa.TestCases.GetQuoteTestCase@2fd6b6c7]" started-at="2019-11-03T21:21:39 IST" name="loginTest" data-provider="logindata" finished-at="2019-11-03T21:21:50 IST" duration-ms="11165" status="PASS">
          <params>
            <param index="0">
              <value>
                <![CDATA[Vinay]]>
              </value>
            </param>
            <param index="1">
              <value>
                <![CDATA[Kumar]]>
              </value>
            </param>
            <param index="2">
              <value>
                <![CDATA[01//02/1991]]>
              </value>
            </param>
            <param index="3">
              <value>
                <![CDATA[SRI]]>
              </value>
            </param>
            <param index="4">
              <value>
                <![CDATA[madison]]>
              </value>
            </param>
          </params>
          <reporter-output>
          </reporter-output>
        </test-method> <!-- loginTest -->
      </class> <!-- com.qa.TestCases.GetQuoteTestCase -->
    </test> <!-- Default test -->
  </suite> <!-- Default suite -->
</testng-results>
